  Animation_Object.cpp
d:\opengl\mario\animation_object.cpp(28): warning C4244: '인수': 'float'에서 'const unsigned int'(으)로 변환하면서 데이터가 손실될 수 있습니다.
  BrickWreck.cpp
  Camera.cpp
  Event_GeometricObject.cpp
  GameOverState.cpp
  GameState.cpp
d:\opengl\mario\gamestate.cpp(123): warning C4244: '인수': 'T'에서 'float'(으)로 변환하면서 데이터가 손실될 수 있습니다.
          with
          [
              T=unsigned int
          ]
d:\opengl\mario\gamestate.cpp(221): warning C4018: '<': signed 또는 unsigned가 일치하지 않습니다.
d:\opengl\mario\gamestate.cpp(223): warning C4018: '<': signed 또는 unsigned가 일치하지 않습니다.
d:\opengl\mario\gamestate.cpp(245): warning C4018: '<': signed 또는 unsigned가 일치하지 않습니다.
d:\opengl\mario\gamestate.cpp(330): warning C4018: '<': signed 또는 unsigned가 일치하지 않습니다.
d:\opengl\mario\gamestate.cpp(332): warning C4018: '<': signed 또는 unsigned가 일치하지 않습니다.
d:\opengl\mario\gamestate.cpp(380): warning C4018: '<': signed 또는 unsigned가 일치하지 않습니다.
d:\opengl\mario\gamestate.cpp(382): warning C4018: '<': signed 또는 unsigned가 일치하지 않습니다.
d:\opengl\mario\gamestate.cpp(397): warning C4244: '인수': 'float'에서 'const unsigned int'(으)로 변환하면서 데이터가 손실될 수 있습니다.
  MainMenuState.cpp
  Mario.cpp
d:\opengl\mario\mario.cpp(27): warning C4244: '인수': 'float'에서 'T'(으)로 변환하면서 데이터가 손실될 수 있습니다.
          with
          [
              T=int
          ]
d:\opengl\mario\mario.cpp(28): warning C4244: '인수': 'float'에서 'T'(으)로 변환하면서 데이터가 손실될 수 있습니다.
          with
          [
              T=int
          ]
d:\opengl\mario\mario.cpp(40): warning C4244: '인수': 'double'에서 'T'(으)로 변환하면서 데이터가 손실될 수 있습니다.
          with
          [
              T=float
          ]
d:\opengl\mario\mario.cpp(41): warning C4244: '인수': 'int'에서 'T'(으)로 변환하면서 데이터가 손실될 수 있습니다.
          with
          [
              T=float
          ]
d:\opengl\mario\mario.cpp(45): warning C4244: '인수': 'double'에서 'T'(으)로 변환하면서 데이터가 손실될 수 있습니다.
          with
          [
              T=float
          ]
d:\opengl\mario\mario.cpp(46): warning C4244: '인수': 'double'에서 'T'(으)로 변환하면서 데이터가 손실될 수 있습니다.
          with
          [
              T=float
          ]
d:\opengl\mario\mario.cpp(46): warning C4244: '인수': 'T'에서 'T'(으)로 변환하면서 데이터가 손실될 수 있습니다.
          with
          [
              T=int
          ]
          and
          [
              T=float
          ]
d:\opengl\mario\mario.cpp(50): warning C4244: '인수': 'double'에서 'T'(으)로 변환하면서 데이터가 손실될 수 있습니다.
          with
          [
              T=float
          ]
d:\opengl\mario\mario.cpp(51): warning C4244: '인수': 'int'에서 'T'(으)로 변환하면서 데이터가 손실될 수 있습니다.
          with
          [
              T=float
          ]
  SplashState.cpp
  main.cpp
  코드를 생성하고 있습니다...
  Mario.vcxproj -> D:\OpenGL\Mario\Debug\Mario.exe
